/panfs/panfs.ittc.ku.edu/scratch/sanaawan/PySyft/venv/bin/python
/panfs/panfs.ittc.ku.edu/scratch/sanaawan/PySyft/venv/lib/python3.6/site-packages/tensorflow/python/framework/dtypes.py:516: FutureWarning: Passing (type, 1) or '1type' as a synonym of type is deprecated; in a future version of numpy, it will be understood as (type, (1,)) / '(1,)type'.
  _np_qint8 = np.dtype([("qint8", np.int8, 1)])
/panfs/panfs.ittc.ku.edu/scratch/sanaawan/PySyft/venv/lib/python3.6/site-packages/tensorflow/python/framework/dtypes.py:517: FutureWarning: Passing (type, 1) or '1type' as a synonym of type is deprecated; in a future version of numpy, it will be understood as (type, (1,)) / '(1,)type'.
  _np_quint8 = np.dtype([("quint8", np.uint8, 1)])
/panfs/panfs.ittc.ku.edu/scratch/sanaawan/PySyft/venv/lib/python3.6/site-packages/tensorflow/python/framework/dtypes.py:518: FutureWarning: Passing (type, 1) or '1type' as a synonym of type is deprecated; in a future version of numpy, it will be understood as (type, (1,)) / '(1,)type'.
  _np_qint16 = np.dtype([("qint16", np.int16, 1)])
/panfs/panfs.ittc.ku.edu/scratch/sanaawan/PySyft/venv/lib/python3.6/site-packages/tensorflow/python/framework/dtypes.py:519: FutureWarning: Passing (type, 1) or '1type' as a synonym of type is deprecated; in a future version of numpy, it will be understood as (type, (1,)) / '(1,)type'.
  _np_quint16 = np.dtype([("quint16", np.uint16, 1)])
/panfs/panfs.ittc.ku.edu/scratch/sanaawan/PySyft/venv/lib/python3.6/site-packages/tensorflow/python/framework/dtypes.py:520: FutureWarning: Passing (type, 1) or '1type' as a synonym of type is deprecated; in a future version of numpy, it will be understood as (type, (1,)) / '(1,)type'.
  _np_qint32 = np.dtype([("qint32", np.int32, 1)])
/panfs/panfs.ittc.ku.edu/scratch/sanaawan/PySyft/venv/lib/python3.6/site-packages/tensorflow/python/framework/dtypes.py:525: FutureWarning: Passing (type, 1) or '1type' as a synonym of type is deprecated; in a future version of numpy, it will be understood as (type, (1,)) / '(1,)type'.
  np_resource = np.dtype([("resource", np.ubyte, 1)])
/panfs/panfs.ittc.ku.edu/scratch/sanaawan/PySyft/venv/lib/python3.6/site-packages/tensorboard/compat/tensorflow_stub/dtypes.py:541: FutureWarning: Passing (type, 1) or '1type' as a synonym of type is deprecated; in a future version of numpy, it will be understood as (type, (1,)) / '(1,)type'.
  _np_qint8 = np.dtype([("qint8", np.int8, 1)])
/panfs/panfs.ittc.ku.edu/scratch/sanaawan/PySyft/venv/lib/python3.6/site-packages/tensorboard/compat/tensorflow_stub/dtypes.py:542: FutureWarning: Passing (type, 1) or '1type' as a synonym of type is deprecated; in a future version of numpy, it will be understood as (type, (1,)) / '(1,)type'.
  _np_quint8 = np.dtype([("quint8", np.uint8, 1)])
/panfs/panfs.ittc.ku.edu/scratch/sanaawan/PySyft/venv/lib/python3.6/site-packages/tensorboard/compat/tensorflow_stub/dtypes.py:543: FutureWarning: Passing (type, 1) or '1type' as a synonym of type is deprecated; in a future version of numpy, it will be understood as (type, (1,)) / '(1,)type'.
  _np_qint16 = np.dtype([("qint16", np.int16, 1)])
/panfs/panfs.ittc.ku.edu/scratch/sanaawan/PySyft/venv/lib/python3.6/site-packages/tensorboard/compat/tensorflow_stub/dtypes.py:544: FutureWarning: Passing (type, 1) or '1type' as a synonym of type is deprecated; in a future version of numpy, it will be understood as (type, (1,)) / '(1,)type'.
  _np_quint16 = np.dtype([("quint16", np.uint16, 1)])
/panfs/panfs.ittc.ku.edu/scratch/sanaawan/PySyft/venv/lib/python3.6/site-packages/tensorboard/compat/tensorflow_stub/dtypes.py:545: FutureWarning: Passing (type, 1) or '1type' as a synonym of type is deprecated; in a future version of numpy, it will be understood as (type, (1,)) / '(1,)type'.
  _np_qint32 = np.dtype([("qint32", np.int32, 1)])
/panfs/panfs.ittc.ku.edu/scratch/sanaawan/PySyft/venv/lib/python3.6/site-packages/tensorboard/compat/tensorflow_stub/dtypes.py:550: FutureWarning: Passing (type, 1) or '1type' as a synonym of type is deprecated; in a future version of numpy, it will be understood as (type, (1,)) / '(1,)type'.
  np_resource = np.dtype([("resource", np.ubyte, 1)])
Falling back to insecure randomness since the required custom op could not be found for the installed version of TensorFlow. Fix this by compiling custom ops. Missing file was '/panfs/panfs.ittc.ku.edu/scratch/sanaawan/PySyft/venv/lib/python3.6/site-packages/tf_encrypted/operations/secure_random/secure_random_module_tf_1.14.0.so', error was "/usr/lib64/libstdc++.so.6: version `GLIBCXX_3.4.20' not found (required by /panfs/panfs.ittc.ku.edu/scratch/sanaawan/PySyft/venv/lib/python3.6/site-packages/tf_encrypted/operations/secure_random/secure_random_module_tf_1.14.0.so)".
WARNING:tensorflow:From /panfs/panfs.ittc.ku.edu/scratch/sanaawan/PySyft/venv/lib/python3.6/site-packages/tf_encrypted/session.py:24: The name tf.Session is deprecated. Please use tf.compat.v1.Session instead.

slurmstepd: *** JOB 316216 CANCELLED AT 2020-03-07T22:02:53 *** on g016
